<?xml version="1.0" encoding="UTF-8"?>
<coverage generated="1733015370620" clover="3.2.0">
  <project timestamp="1733015370620" name="All files">
    <metrics statements="109" coveredstatements="101" conditionals="1" coveredconditionals="1" methods="9" coveredmethods="1" elements="119" coveredelements="103" complexity="0" loc="109" ncloc="109" packages="1" files="1" classes="1"/>
    <file name="appbar.component.tsx" path="C:\Users\gabri\Desktop\Workspace\React\teste-frontend-v4-aikodigital\src\components\appbar\appbar.component.tsx">
      <metrics statements="109" coveredstatements="101" conditionals="1" coveredconditionals="1" methods="9" coveredmethods="1"/>
      <line num="1" count="1" type="stmt"/>
      <line num="2" count="1" type="stmt"/>
      <line num="3" count="1" type="stmt"/>
      <line num="4" count="1" type="stmt"/>
      <line num="5" count="1" type="stmt"/>
      <line num="6" count="1" type="stmt"/>
      <line num="7" count="1" type="stmt"/>
      <line num="8" count="1" type="stmt"/>
      <line num="9" count="1" type="stmt"/>
      <line num="10" count="1" type="stmt"/>
      <line num="11" count="1" type="stmt"/>
      <line num="12" count="1" type="stmt"/>
      <line num="13" count="1" type="stmt"/>
      <line num="14" count="2" type="cond" truecount="1" falsecount="0"/>
      <line num="15" count="2" type="stmt"/>
      <line num="16" count="2" type="stmt"/>
      <line num="17" count="2" type="stmt"/>
      <line num="18" count="2" type="stmt"/>
      <line num="19" count="2" type="stmt"/>
      <line num="20" count="2" type="stmt"/>
      <line num="21" count="2" type="stmt"/>
      <line num="22" count="2" type="stmt"/>
      <line num="23" count="2" type="stmt"/>
      <line num="24" count="2" type="stmt"/>
      <line num="25" count="2" type="stmt"/>
      <line num="26" count="2" type="stmt"/>
      <line num="27" count="2" type="stmt"/>
      <line num="28" count="2" type="stmt"/>
      <line num="29" count="2" type="stmt"/>
      <line num="30" count="2" type="stmt"/>
      <line num="31" count="2" type="stmt"/>
      <line num="32" count="2" type="stmt"/>
      <line num="33" count="2" type="stmt"/>
      <line num="34" count="2" type="stmt"/>
      <line num="35" count="0" type="stmt"/>
      <line num="36" count="0" type="stmt"/>
      <line num="37" count="2" type="stmt"/>
      <line num="38" count="2" type="stmt"/>
      <line num="39" count="2" type="stmt"/>
      <line num="40" count="2" type="stmt"/>
      <line num="41" count="2" type="stmt"/>
      <line num="42" count="2" type="stmt"/>
      <line num="43" count="2" type="stmt"/>
      <line num="44" count="2" type="stmt"/>
      <line num="45" count="2" type="stmt"/>
      <line num="46" count="0" type="stmt"/>
      <line num="47" count="2" type="stmt"/>
      <line num="48" count="2" type="stmt"/>
      <line num="49" count="2" type="stmt"/>
      <line num="50" count="2" type="stmt"/>
      <line num="51" count="2" type="stmt"/>
      <line num="52" count="2" type="stmt"/>
      <line num="53" count="2" type="stmt"/>
      <line num="54" count="0" type="stmt"/>
      <line num="55" count="2" type="stmt"/>
      <line num="56" count="2" type="stmt"/>
      <line num="57" count="2" type="stmt"/>
      <line num="58" count="2" type="stmt"/>
      <line num="59" count="2" type="stmt"/>
      <line num="60" count="2" type="stmt"/>
      <line num="61" count="2" type="stmt"/>
      <line num="62" count="0" type="stmt"/>
      <line num="63" count="2" type="stmt"/>
      <line num="64" count="2" type="stmt"/>
      <line num="65" count="2" type="stmt"/>
      <line num="66" count="2" type="stmt"/>
      <line num="67" count="2" type="stmt"/>
      <line num="68" count="2" type="stmt"/>
      <line num="69" count="2" type="stmt"/>
      <line num="70" count="2" type="stmt"/>
      <line num="71" count="2" type="stmt"/>
      <line num="72" count="2" type="stmt"/>
      <line num="73" count="2" type="stmt"/>
      <line num="74" count="0" type="stmt"/>
      <line num="75" count="2" type="stmt"/>
      <line num="76" count="2" type="stmt"/>
      <line num="77" count="2" type="stmt"/>
      <line num="78" count="2" type="stmt"/>
      <line num="79" count="2" type="stmt"/>
      <line num="80" count="2" type="stmt"/>
      <line num="81" count="2" type="stmt"/>
      <line num="82" count="0" type="stmt"/>
      <line num="83" count="2" type="stmt"/>
      <line num="84" count="2" type="stmt"/>
      <line num="85" count="2" type="stmt"/>
      <line num="86" count="2" type="stmt"/>
      <line num="87" count="2" type="stmt"/>
      <line num="88" count="2" type="stmt"/>
      <line num="89" count="2" type="stmt"/>
      <line num="90" count="0" type="stmt"/>
      <line num="91" count="2" type="stmt"/>
      <line num="92" count="2" type="stmt"/>
      <line num="93" count="2" type="stmt"/>
      <line num="94" count="2" type="stmt"/>
      <line num="95" count="2" type="stmt"/>
      <line num="96" count="2" type="stmt"/>
      <line num="97" count="2" type="stmt"/>
      <line num="98" count="2" type="stmt"/>
      <line num="99" count="2" type="stmt"/>
      <line num="100" count="2" type="stmt"/>
      <line num="101" count="2" type="stmt"/>
      <line num="102" count="2" type="stmt"/>
      <line num="103" count="2" type="stmt"/>
      <line num="104" count="2" type="stmt"/>
      <line num="105" count="2" type="stmt"/>
      <line num="106" count="2" type="stmt"/>
      <line num="107" count="2" type="stmt"/>
      <line num="108" count="2" type="stmt"/>
      <line num="109" count="2" type="stmt"/>
    </file>
  </project>
</coverage>
