{"C:\\Users\\gabri\\Desktop\\Workspace\\React\\teste-frontend-v4-aikodigital\\src\\adapters\\equipment.adapter.ts": {"path":"C:\\Users\\gabri\\Desktop\\Workspace\\React\\teste-frontend-v4-aikodigital\\src\\adapters\\equipment.adapter.ts","all":false,"statementMap":{"0":{"start":{"line":1,"column":0},"end":{"line":1,"column":8}},"1":{"start":{"line":2,"column":0},"end":{"line":2,"column":12}},"2":{"start":{"line":3,"column":0},"end":{"line":3,"column":17}},"3":{"start":{"line":4,"column":0},"end":{"line":4,"column":27}},"4":{"start":{"line":5,"column":0},"end":{"line":5,"column":17}},"5":{"start":{"line":6,"column":0},"end":{"line":6,"column":24}},"6":{"start":{"line":7,"column":0},"end":{"line":7,"column":21}},"7":{"start":{"line":8,"column":0},"end":{"line":8,"column":32}},"8":{"start":{"line":9,"column":0},"end":{"line":9,"column":0}},"9":{"start":{"line":10,"column":0},"end":{"line":10,"column":78}},"10":{"start":{"line":11,"column":0},"end":{"line":11,"column":42}},"11":{"start":{"line":12,"column":0},"end":{"line":12,"column":24}},"12":{"start":{"line":13,"column":0},"end":{"line":13,"column":72}},"13":{"start":{"line":14,"column":0},"end":{"line":14,"column":33}},"14":{"start":{"line":15,"column":0},"end":{"line":15,"column":4}},"15":{"start":{"line":16,"column":0},"end":{"line":16,"column":1}},"16":{"start":{"line":17,"column":0},"end":{"line":17,"column":0}},"17":{"start":{"line":18,"column":0},"end":{"line":18,"column":31}},"18":{"start":{"line":19,"column":0},"end":{"line":19,"column":38}},"19":{"start":{"line":20,"column":0},"end":{"line":20,"column":36}},"20":{"start":{"line":21,"column":0},"end":{"line":21,"column":3}},"21":{"start":{"line":22,"column":0},"end":{"line":22,"column":49}},"22":{"start":{"line":23,"column":0},"end":{"line":23,"column":24}},"23":{"start":{"line":24,"column":0},"end":{"line":24,"column":72}},"24":{"start":{"line":25,"column":0},"end":{"line":25,"column":27}},"25":{"start":{"line":26,"column":0},"end":{"line":26,"column":4}},"26":{"start":{"line":27,"column":0},"end":{"line":27,"column":0}},"27":{"start":{"line":28,"column":0},"end":{"line":28,"column":30}},"28":{"start":{"line":29,"column":0},"end":{"line":29,"column":58}},"29":{"start":{"line":30,"column":0},"end":{"line":30,"column":4}},"30":{"start":{"line":31,"column":0},"end":{"line":31,"column":1}},"31":{"start":{"line":32,"column":0},"end":{"line":32,"column":0}},"32":{"start":{"line":33,"column":0},"end":{"line":33,"column":37}},"33":{"start":{"line":34,"column":0},"end":{"line":34,"column":26}},"34":{"start":{"line":35,"column":0},"end":{"line":35,"column":36}},"35":{"start":{"line":36,"column":0},"end":{"line":36,"column":36}},"36":{"start":{"line":37,"column":0},"end":{"line":37,"column":49}},"37":{"start":{"line":38,"column":0},"end":{"line":38,"column":55}},"38":{"start":{"line":39,"column":0},"end":{"line":39,"column":25}},"39":{"start":{"line":40,"column":0},"end":{"line":40,"column":51}},"40":{"start":{"line":41,"column":0},"end":{"line":41,"column":39}},"41":{"start":{"line":42,"column":0},"end":{"line":42,"column":57}},"42":{"start":{"line":43,"column":0},"end":{"line":43,"column":6}},"43":{"start":{"line":44,"column":0},"end":{"line":44,"column":0}},"44":{"start":{"line":45,"column":0},"end":{"line":45,"column":58}},"45":{"start":{"line":46,"column":0},"end":{"line":46,"column":58}},"46":{"start":{"line":47,"column":0},"end":{"line":47,"column":6}},"47":{"start":{"line":48,"column":0},"end":{"line":48,"column":0}},"48":{"start":{"line":49,"column":0},"end":{"line":49,"column":42}},"49":{"start":{"line":50,"column":0},"end":{"line":50,"column":42}},"50":{"start":{"line":51,"column":0},"end":{"line":51,"column":13}},"51":{"start":{"line":52,"column":0},"end":{"line":52,"column":0}},"52":{"start":{"line":53,"column":0},"end":{"line":53,"column":52}},"53":{"start":{"line":54,"column":0},"end":{"line":54,"column":52}},"54":{"start":{"line":55,"column":0},"end":{"line":55,"column":6}},"55":{"start":{"line":56,"column":0},"end":{"line":56,"column":0}},"56":{"start":{"line":57,"column":0},"end":{"line":57,"column":36}},"57":{"start":{"line":58,"column":0},"end":{"line":58,"column":53}},"58":{"start":{"line":59,"column":0},"end":{"line":59,"column":13}},"59":{"start":{"line":60,"column":0},"end":{"line":60,"column":0}},"60":{"start":{"line":61,"column":0},"end":{"line":61,"column":12}},"61":{"start":{"line":62,"column":0},"end":{"line":62,"column":23}},"62":{"start":{"line":63,"column":0},"end":{"line":63,"column":27}},"63":{"start":{"line":64,"column":0},"end":{"line":64,"column":25}},"64":{"start":{"line":65,"column":0},"end":{"line":65,"column":17}},"65":{"start":{"line":66,"column":0},"end":{"line":66,"column":38}},"66":{"start":{"line":67,"column":0},"end":{"line":67,"column":38}},"67":{"start":{"line":68,"column":0},"end":{"line":68,"column":8}},"68":{"start":{"line":69,"column":0},"end":{"line":69,"column":14}},"69":{"start":{"line":70,"column":0},"end":{"line":70,"column":28}},"70":{"start":{"line":71,"column":0},"end":{"line":71,"column":32}},"71":{"start":{"line":72,"column":0},"end":{"line":72,"column":34}},"72":{"start":{"line":73,"column":0},"end":{"line":73,"column":8}},"73":{"start":{"line":74,"column":0},"end":{"line":74,"column":28}},"74":{"start":{"line":75,"column":0},"end":{"line":75,"column":19}},"75":{"start":{"line":76,"column":0},"end":{"line":76,"column":22}},"76":{"start":{"line":77,"column":0},"end":{"line":77,"column":6}},"77":{"start":{"line":78,"column":0},"end":{"line":78,"column":5}},"78":{"start":{"line":79,"column":0},"end":{"line":79,"column":1}}},"s":{"0":1,"1":1,"2":1,"3":1,"4":1,"5":1,"6":1,"7":1,"8":1,"9":3,"10":3,"11":3,"12":3,"13":3,"14":3,"15":3,"16":1,"17":3,"18":3,"19":3,"20":3,"21":3,"22":3,"23":3,"24":3,"25":3,"26":3,"27":3,"28":3,"29":3,"30":3,"31":1,"32":2,"33":2,"34":2,"35":2,"36":2,"37":2,"38":2,"39":2,"40":2,"41":2,"42":2,"43":2,"44":2,"45":2,"46":2,"47":2,"48":2,"49":2,"50":2,"51":2,"52":2,"53":2,"54":2,"55":2,"56":2,"57":2,"58":2,"59":2,"60":2,"61":2,"62":2,"63":2,"64":2,"65":2,"66":2,"67":2,"68":2,"69":2,"70":2,"71":2,"72":2,"73":2,"74":2,"75":2,"76":2,"77":2,"78":2},"branchMap":{"0":{"type":"branch","line":10,"loc":{"start":{"line":10,"column":0},"end":{"line":16,"column":1}},"locations":[{"start":{"line":10,"column":0},"end":{"line":16,"column":1}}]},"1":{"type":"branch","line":12,"loc":{"start":{"line":12,"column":4},"end":{"line":13,"column":71}},"locations":[{"start":{"line":12,"column":4},"end":{"line":13,"column":71}}]},"2":{"type":"branch","line":13,"loc":{"start":{"line":13,"column":53},"end":{"line":13,"column":62}},"locations":[{"start":{"line":13,"column":53},"end":{"line":13,"column":62}}]},"3":{"type":"branch","line":13,"loc":{"start":{"line":13,"column":63},"end":{"line":13,"column":71}},"locations":[{"start":{"line":13,"column":63},"end":{"line":13,"column":71}}]},"4":{"type":"branch","line":18,"loc":{"start":{"line":18,"column":0},"end":{"line":31,"column":1}},"locations":[{"start":{"line":18,"column":0},"end":{"line":31,"column":1}}]},"5":{"type":"branch","line":23,"loc":{"start":{"line":23,"column":4},"end":{"line":24,"column":71}},"locations":[{"start":{"line":23,"column":4},"end":{"line":24,"column":71}}]},"6":{"type":"branch","line":24,"loc":{"start":{"line":24,"column":53},"end":{"line":24,"column":62}},"locations":[{"start":{"line":24,"column":53},"end":{"line":24,"column":62}}]},"7":{"type":"branch","line":24,"loc":{"start":{"line":24,"column":63},"end":{"line":24,"column":71}},"locations":[{"start":{"line":24,"column":63},"end":{"line":24,"column":71}}]},"8":{"type":"branch","line":29,"loc":{"start":{"line":29,"column":4},"end":{"line":29,"column":58}},"locations":[{"start":{"line":29,"column":4},"end":{"line":29,"column":58}}]},"9":{"type":"branch","line":29,"loc":{"start":{"line":29,"column":39},"end":{"line":29,"column":41}},"locations":[{"start":{"line":29,"column":39},"end":{"line":29,"column":41}}]},"10":{"type":"branch","line":33,"loc":{"start":{"line":33,"column":0},"end":{"line":79,"column":1}},"locations":[{"start":{"line":33,"column":0},"end":{"line":79,"column":1}}]},"11":{"type":"branch","line":40,"loc":{"start":{"line":40,"column":24},"end":{"line":78,"column":3}},"locations":[{"start":{"line":40,"column":24},"end":{"line":78,"column":3}}]},"12":{"type":"branch","line":50,"loc":{"start":{"line":50,"column":6},"end":{"line":50,"column":42}},"locations":[{"start":{"line":50,"column":6},"end":{"line":50,"column":42}}]},"13":{"type":"branch","line":51,"loc":{"start":{"line":51,"column":6},"end":{"line":51,"column":12}},"locations":[{"start":{"line":51,"column":6},"end":{"line":51,"column":12}}]},"14":{"type":"branch","line":58,"loc":{"start":{"line":58,"column":6},"end":{"line":58,"column":53}},"locations":[{"start":{"line":58,"column":6},"end":{"line":58,"column":53}}]},"15":{"type":"branch","line":59,"loc":{"start":{"line":59,"column":6},"end":{"line":59,"column":12}},"locations":[{"start":{"line":59,"column":6},"end":{"line":59,"column":12}}]},"16":{"type":"branch","line":64,"loc":{"start":{"line":64,"column":18},"end":{"line":64,"column":20}},"locations":[{"start":{"line":64,"column":18},"end":{"line":64,"column":20}}]},"17":{"type":"branch","line":66,"loc":{"start":{"line":66,"column":27},"end":{"line":66,"column":29}},"locations":[{"start":{"line":66,"column":27},"end":{"line":66,"column":29}}]},"18":{"type":"branch","line":66,"loc":{"start":{"line":66,"column":27},"end":{"line":66,"column":29}},"locations":[{"start":{"line":66,"column":27},"end":{"line":66,"column":29}}]},"19":{"type":"branch","line":66,"loc":{"start":{"line":66,"column":27},"end":{"line":66,"column":32}},"locations":[{"start":{"line":66,"column":27},"end":{"line":66,"column":32}}]},"20":{"type":"branch","line":66,"loc":{"start":{"line":66,"column":32},"end":{"line":66,"column":37}},"locations":[{"start":{"line":66,"column":32},"end":{"line":66,"column":37}}]},"21":{"type":"branch","line":67,"loc":{"start":{"line":67,"column":27},"end":{"line":67,"column":29}},"locations":[{"start":{"line":67,"column":27},"end":{"line":67,"column":29}}]},"22":{"type":"branch","line":67,"loc":{"start":{"line":67,"column":27},"end":{"line":67,"column":29}},"locations":[{"start":{"line":67,"column":27},"end":{"line":67,"column":29}}]},"23":{"type":"branch","line":67,"loc":{"start":{"line":67,"column":27},"end":{"line":67,"column":32}},"locations":[{"start":{"line":67,"column":27},"end":{"line":67,"column":32}}]},"24":{"type":"branch","line":67,"loc":{"start":{"line":67,"column":32},"end":{"line":67,"column":37}},"locations":[{"start":{"line":67,"column":32},"end":{"line":67,"column":37}}]},"25":{"type":"branch","line":70,"loc":{"start":{"line":70,"column":23},"end":{"line":70,"column":25}},"locations":[{"start":{"line":70,"column":23},"end":{"line":70,"column":25}}]},"26":{"type":"branch","line":70,"loc":{"start":{"line":70,"column":23},"end":{"line":70,"column":25}},"locations":[{"start":{"line":70,"column":23},"end":{"line":70,"column":25}}]},"27":{"type":"branch","line":70,"loc":{"start":{"line":70,"column":23},"end":{"line":70,"column":27}},"locations":[{"start":{"line":70,"column":23},"end":{"line":70,"column":27}}]},"28":{"type":"branch","line":71,"loc":{"start":{"line":71,"column":25},"end":{"line":71,"column":27}},"locations":[{"start":{"line":71,"column":25},"end":{"line":71,"column":27}}]},"29":{"type":"branch","line":71,"loc":{"start":{"line":71,"column":25},"end":{"line":71,"column":27}},"locations":[{"start":{"line":71,"column":25},"end":{"line":71,"column":27}}]},"30":{"type":"branch","line":71,"loc":{"start":{"line":71,"column":25},"end":{"line":71,"column":31}},"locations":[{"start":{"line":71,"column":25},"end":{"line":71,"column":31}}]},"31":{"type":"branch","line":72,"loc":{"start":{"line":72,"column":26},"end":{"line":72,"column":28}},"locations":[{"start":{"line":72,"column":26},"end":{"line":72,"column":28}}]},"32":{"type":"branch","line":72,"loc":{"start":{"line":72,"column":26},"end":{"line":72,"column":28}},"locations":[{"start":{"line":72,"column":26},"end":{"line":72,"column":28}}]},"33":{"type":"branch","line":72,"loc":{"start":{"line":72,"column":26},"end":{"line":72,"column":33}},"locations":[{"start":{"line":72,"column":26},"end":{"line":72,"column":33}}]},"34":{"type":"branch","line":42,"loc":{"start":{"line":42,"column":6},"end":{"line":42,"column":56}},"locations":[{"start":{"line":42,"column":6},"end":{"line":42,"column":56}}]},"35":{"type":"branch","line":46,"loc":{"start":{"line":46,"column":6},"end":{"line":46,"column":57}},"locations":[{"start":{"line":46,"column":6},"end":{"line":46,"column":57}}]},"36":{"type":"branch","line":54,"loc":{"start":{"line":54,"column":6},"end":{"line":54,"column":51}},"locations":[{"start":{"line":54,"column":6},"end":{"line":54,"column":51}}]}},"b":{"0":[3],"1":[4],"2":[1],"3":[3],"4":[3],"5":[4],"6":[1],"7":[3],"8":[6],"9":[0],"10":[2],"11":[2],"12":[1],"13":[1],"14":[1],"15":[1],"16":[0],"17":[1],"18":[1],"19":[1],"20":[1],"21":[1],"22":[1],"23":[1],"24":[1],"25":[1],"26":[1],"27":[1],"28":[1],"29":[1],"30":[1],"31":[1],"32":[1],"33":[1],"34":[2],"35":[1],"36":[1]},"fnMap":{"0":{"name":"getLatestPosition","decl":{"start":{"line":10,"column":0},"end":{"line":16,"column":1}},"loc":{"start":{"line":10,"column":0},"end":{"line":16,"column":1}},"line":10},"1":{"name":"getLatestState","decl":{"start":{"line":18,"column":0},"end":{"line":31,"column":1}},"loc":{"start":{"line":18,"column":0},"end":{"line":31,"column":1}},"line":18},"2":{"name":"processEquipmentData","decl":{"start":{"line":33,"column":0},"end":{"line":79,"column":1}},"loc":{"start":{"line":33,"column":0},"end":{"line":79,"column":1}},"line":33}},"f":{"0":3,"1":3,"2":2}}
,"C:\\Users\\gabri\\Desktop\\Workspace\\React\\teste-frontend-v4-aikodigital\\src\\components\\appbar\\appbar.component.tsx": {"path":"C:\\Users\\gabri\\Desktop\\Workspace\\React\\teste-frontend-v4-aikodigital\\src\\components\\appbar\\appbar.component.tsx","all":false,"statementMap":{"0":{"start":{"line":1,"column":0},"end":{"line":1,"column":8}},"1":{"start":{"line":2,"column":0},"end":{"line":2,"column":10}},"2":{"start":{"line":3,"column":0},"end":{"line":3,"column":22}},"3":{"start":{"line":4,"column":0},"end":{"line":4,"column":17}},"4":{"start":{"line":5,"column":0},"end":{"line":5,"column":14}},"5":{"start":{"line":6,"column":0},"end":{"line":6,"column":15}},"6":{"start":{"line":7,"column":0},"end":{"line":7,"column":14}},"7":{"start":{"line":8,"column":0},"end":{"line":8,"column":19}},"8":{"start":{"line":9,"column":0},"end":{"line":9,"column":18}},"9":{"start":{"line":10,"column":0},"end":{"line":10,"column":17}},"10":{"start":{"line":11,"column":0},"end":{"line":11,"column":23}},"11":{"start":{"line":12,"column":0},"end":{"line":12,"column":42}},"12":{"start":{"line":13,"column":0},"end":{"line":13,"column":55}},"13":{"start":{"line":14,"column":0},"end":{"line":14,"column":68}},"14":{"start":{"line":15,"column":0},"end":{"line":15,"column":61}},"15":{"start":{"line":16,"column":0},"end":{"line":16,"column":0}},"16":{"start":{"line":17,"column":0},"end":{"line":17,"column":35}},"17":{"start":{"line":18,"column":0},"end":{"line":18,"column":47}},"18":{"start":{"line":19,"column":0},"end":{"line":19,"column":78}},"19":{"start":{"line":20,"column":0},"end":{"line":20,"column":27}},"20":{"start":{"line":21,"column":0},"end":{"line":21,"column":0}},"21":{"start":{"line":22,"column":0},"end":{"line":22,"column":10}},"22":{"start":{"line":23,"column":0},"end":{"line":23,"column":28}},"23":{"start":{"line":24,"column":0},"end":{"line":24,"column":40}},"24":{"start":{"line":25,"column":0},"end":{"line":25,"column":21}},"25":{"start":{"line":26,"column":0},"end":{"line":26,"column":47}},"26":{"start":{"line":27,"column":0},"end":{"line":27,"column":26}},"27":{"start":{"line":28,"column":0},"end":{"line":28,"column":25}},"28":{"start":{"line":29,"column":0},"end":{"line":29,"column":23}},"29":{"start":{"line":30,"column":0},"end":{"line":30,"column":31}},"30":{"start":{"line":31,"column":0},"end":{"line":31,"column":40}},"31":{"start":{"line":32,"column":0},"end":{"line":32,"column":32}},"32":{"start":{"line":33,"column":0},"end":{"line":33,"column":26}},"33":{"start":{"line":34,"column":0},"end":{"line":34,"column":27}},"34":{"start":{"line":35,"column":0},"end":{"line":35,"column":22}},"35":{"start":{"line":36,"column":0},"end":{"line":36,"column":21}},"36":{"start":{"line":37,"column":0},"end":{"line":37,"column":50}},"37":{"start":{"line":38,"column":0},"end":{"line":38,"column":26}},"38":{"start":{"line":39,"column":0},"end":{"line":39,"column":32}},"39":{"start":{"line":40,"column":0},"end":{"line":40,"column":80}},"40":{"start":{"line":41,"column":0},"end":{"line":41,"column":38}},"41":{"start":{"line":42,"column":0},"end":{"line":42,"column":44}},"42":{"start":{"line":43,"column":0},"end":{"line":43,"column":44}},"43":{"start":{"line":44,"column":0},"end":{"line":44,"column":16}},"44":{"start":{"line":45,"column":0},"end":{"line":45,"column":13}},"45":{"start":{"line":46,"column":0},"end":{"line":46,"column":20}},"46":{"start":{"line":47,"column":0},"end":{"line":47,"column":34}},"47":{"start":{"line":48,"column":0},"end":{"line":48,"column":67}},"48":{"start":{"line":49,"column":0},"end":{"line":49,"column":26}},"49":{"start":{"line":50,"column":0},"end":{"line":50,"column":34}},"50":{"start":{"line":51,"column":0},"end":{"line":51,"column":53}},"51":{"start":{"line":52,"column":0},"end":{"line":52,"column":40}},"52":{"start":{"line":53,"column":0},"end":{"line":53,"column":47}},"53":{"start":{"line":54,"column":0},"end":{"line":54,"column":18}},"54":{"start":{"line":55,"column":0},"end":{"line":55,"column":15}},"55":{"start":{"line":56,"column":0},"end":{"line":56,"column":24}},"56":{"start":{"line":57,"column":0},"end":{"line":57,"column":36}},"57":{"start":{"line":58,"column":0},"end":{"line":58,"column":34}},"58":{"start":{"line":59,"column":0},"end":{"line":59,"column":51}},"59":{"start":{"line":60,"column":0},"end":{"line":60,"column":40}},"60":{"start":{"line":61,"column":0},"end":{"line":61,"column":45}},"61":{"start":{"line":62,"column":0},"end":{"line":62,"column":18}},"62":{"start":{"line":63,"column":0},"end":{"line":63,"column":15}},"63":{"start":{"line":64,"column":0},"end":{"line":64,"column":22}},"64":{"start":{"line":65,"column":0},"end":{"line":65,"column":36}},"65":{"start":{"line":66,"column":0},"end":{"line":66,"column":34}},"66":{"start":{"line":67,"column":0},"end":{"line":67,"column":55}},"67":{"start":{"line":68,"column":0},"end":{"line":68,"column":40}},"68":{"start":{"line":69,"column":0},"end":{"line":69,"column":49}},"69":{"start":{"line":70,"column":0},"end":{"line":70,"column":18}},"70":{"start":{"line":71,"column":0},"end":{"line":71,"column":15}},"71":{"start":{"line":72,"column":0},"end":{"line":72,"column":26}},"72":{"start":{"line":73,"column":0},"end":{"line":73,"column":36}},"73":{"start":{"line":74,"column":0},"end":{"line":74,"column":27}},"74":{"start":{"line":75,"column":0},"end":{"line":75,"column":32}},"75":{"start":{"line":76,"column":0},"end":{"line":76,"column":67}},"76":{"start":{"line":77,"column":0},"end":{"line":77,"column":26}},"77":{"start":{"line":78,"column":0},"end":{"line":78,"column":34}},"78":{"start":{"line":79,"column":0},"end":{"line":79,"column":62}},"79":{"start":{"line":80,"column":0},"end":{"line":80,"column":40}},"80":{"start":{"line":81,"column":0},"end":{"line":81,"column":56}},"81":{"start":{"line":82,"column":0},"end":{"line":82,"column":18}},"82":{"start":{"line":83,"column":0},"end":{"line":83,"column":15}},"83":{"start":{"line":84,"column":0},"end":{"line":84,"column":33}},"84":{"start":{"line":85,"column":0},"end":{"line":85,"column":36}},"85":{"start":{"line":86,"column":0},"end":{"line":86,"column":34}},"86":{"start":{"line":87,"column":0},"end":{"line":87,"column":54}},"87":{"start":{"line":88,"column":0},"end":{"line":88,"column":40}},"88":{"start":{"line":89,"column":0},"end":{"line":89,"column":48}},"89":{"start":{"line":90,"column":0},"end":{"line":90,"column":18}},"90":{"start":{"line":91,"column":0},"end":{"line":91,"column":15}},"91":{"start":{"line":92,"column":0},"end":{"line":92,"column":25}},"92":{"start":{"line":93,"column":0},"end":{"line":93,"column":36}},"93":{"start":{"line":94,"column":0},"end":{"line":94,"column":34}},"94":{"start":{"line":95,"column":0},"end":{"line":95,"column":60}},"95":{"start":{"line":96,"column":0},"end":{"line":96,"column":40}},"96":{"start":{"line":97,"column":0},"end":{"line":97,"column":54}},"97":{"start":{"line":98,"column":0},"end":{"line":98,"column":18}},"98":{"start":{"line":99,"column":0},"end":{"line":99,"column":15}},"99":{"start":{"line":100,"column":0},"end":{"line":100,"column":31}},"100":{"start":{"line":101,"column":0},"end":{"line":101,"column":36}},"101":{"start":{"line":102,"column":0},"end":{"line":102,"column":27}},"102":{"start":{"line":103,"column":0},"end":{"line":103,"column":27}},"103":{"start":{"line":104,"column":0},"end":{"line":104,"column":22}},"104":{"start":{"line":105,"column":0},"end":{"line":105,"column":21}},"105":{"start":{"line":106,"column":0},"end":{"line":106,"column":61}},"106":{"start":{"line":107,"column":0},"end":{"line":107,"column":21}},"107":{"start":{"line":108,"column":0},"end":{"line":108,"column":27}},"108":{"start":{"line":109,"column":0},"end":{"line":109,"column":22}},"109":{"start":{"line":110,"column":0},"end":{"line":110,"column":16}},"110":{"start":{"line":111,"column":0},"end":{"line":111,"column":10}},"111":{"start":{"line":112,"column":0},"end":{"line":112,"column":4}},"112":{"start":{"line":113,"column":0},"end":{"line":113,"column":1}}},"s":{"0":1,"1":1,"2":1,"3":1,"4":1,"5":1,"6":1,"7":1,"8":1,"9":1,"10":1,"11":1,"12":1,"13":1,"14":1,"15":1,"16":1,"17":1,"18":1,"19":1,"20":1,"21":1,"22":1,"23":1,"24":1,"25":1,"26":1,"27":1,"28":1,"29":1,"30":1,"31":1,"32":1,"33":1,"34":1,"35":1,"36":1,"37":1,"38":1,"39":1,"40":1,"41":0,"42":0,"43":1,"44":1,"45":1,"46":1,"47":1,"48":1,"49":1,"50":1,"51":1,"52":0,"53":1,"54":1,"55":1,"56":1,"57":1,"58":1,"59":1,"60":0,"61":1,"62":1,"63":1,"64":1,"65":1,"66":1,"67":1,"68":0,"69":1,"70":1,"71":1,"72":1,"73":1,"74":1,"75":1,"76":1,"77":1,"78":1,"79":1,"80":0,"81":1,"82":1,"83":1,"84":1,"85":1,"86":1,"87":1,"88":0,"89":1,"90":1,"91":1,"92":1,"93":1,"94":1,"95":1,"96":0,"97":1,"98":1,"99":1,"100":1,"101":1,"102":1,"103":1,"104":1,"105":1,"106":1,"107":1,"108":1,"109":1,"110":1,"111":1,"112":1},"branchMap":{"0":{"type":"branch","line":17,"loc":{"start":{"line":17,"column":0},"end":{"line":113,"column":1}},"locations":[{"start":{"line":17,"column":0},"end":{"line":113,"column":1}}]}},"b":{"0":[1]},"fnMap":{"0":{"name":"AppBarComponent","decl":{"start":{"line":17,"column":0},"end":{"line":113,"column":1}},"loc":{"start":{"line":17,"column":0},"end":{"line":113,"column":1}},"line":17},"1":{"name":"onCheckedChange","decl":{"start":{"line":41,"column":31},"end":{"line":44,"column":15}},"loc":{"start":{"line":41,"column":31},"end":{"line":44,"column":15}},"line":41},"2":{"name":"onCheckedChange","decl":{"start":{"line":52,"column":33},"end":{"line":54,"column":17}},"loc":{"start":{"line":52,"column":33},"end":{"line":54,"column":17}},"line":52},"3":{"name":"onCheckedChange","decl":{"start":{"line":60,"column":33},"end":{"line":62,"column":17}},"loc":{"start":{"line":60,"column":33},"end":{"line":62,"column":17}},"line":60},"4":{"name":"onCheckedChange","decl":{"start":{"line":68,"column":33},"end":{"line":70,"column":17}},"loc":{"start":{"line":68,"column":33},"end":{"line":70,"column":17}},"line":68},"5":{"name":"onCheckedChange","decl":{"start":{"line":80,"column":33},"end":{"line":82,"column":17}},"loc":{"start":{"line":80,"column":33},"end":{"line":82,"column":17}},"line":80},"6":{"name":"onCheckedChange","decl":{"start":{"line":88,"column":33},"end":{"line":90,"column":17}},"loc":{"start":{"line":88,"column":33},"end":{"line":90,"column":17}},"line":88},"7":{"name":"onCheckedChange","decl":{"start":{"line":96,"column":33},"end":{"line":98,"column":17}},"loc":{"start":{"line":96,"column":33},"end":{"line":98,"column":17}},"line":96},"8":{"name":"onClick","decl":{"start":{"line":106,"column":35},"end":{"line":106,"column":59}},"loc":{"start":{"line":106,"column":35},"end":{"line":106,"column":59}},"line":106}},"f":{"0":1,"1":0,"2":0,"3":0,"4":0,"5":0,"6":0,"7":0,"8":0}}
,"C:\\Users\\gabri\\Desktop\\Workspace\\React\\teste-frontend-v4-aikodigital\\src\\hooks\\use-all-data\\use-all-data.hook.tsx": {"path":"C:\\Users\\gabri\\Desktop\\Workspace\\React\\teste-frontend-v4-aikodigital\\src\\hooks\\use-all-data\\use-all-data.hook.tsx","all":false,"statementMap":{"0":{"start":{"line":1,"column":0},"end":{"line":1,"column":44}},"1":{"start":{"line":2,"column":0},"end":{"line":2,"column":64}},"2":{"start":{"line":3,"column":0},"end":{"line":3,"column":68}},"3":{"start":{"line":4,"column":0},"end":{"line":4,"column":60}},"4":{"start":{"line":5,"column":0},"end":{"line":5,"column":0}},"5":{"start":{"line":6,"column":0},"end":{"line":6,"column":32}},"6":{"start":{"line":7,"column":0},"end":{"line":7,"column":22}},"7":{"start":{"line":8,"column":0},"end":{"line":8,"column":37}},"8":{"start":{"line":9,"column":0},"end":{"line":9,"column":42}},"9":{"start":{"line":10,"column":0},"end":{"line":10,"column":42}},"10":{"start":{"line":11,"column":0},"end":{"line":11,"column":48}},"11":{"start":{"line":12,"column":0},"end":{"line":12,"column":51}},"12":{"start":{"line":13,"column":0},"end":{"line":13,"column":74}},"13":{"start":{"line":14,"column":0},"end":{"line":14,"column":25}},"14":{"start":{"line":15,"column":0},"end":{"line":15,"column":17}},"15":{"start":{"line":16,"column":0},"end":{"line":16,"column":13}},"16":{"start":{"line":17,"column":0},"end":{"line":17,"column":13}},"17":{"start":{"line":18,"column":0},"end":{"line":18,"column":19}},"18":{"start":{"line":19,"column":0},"end":{"line":19,"column":22}},"19":{"start":{"line":20,"column":0},"end":{"line":20,"column":6}},"20":{"start":{"line":21,"column":0},"end":{"line":21,"column":4}},"21":{"start":{"line":22,"column":0},"end":{"line":22,"column":1}},"22":{"start":{"line":23,"column":0},"end":{"line":23,"column":0}},"23":{"start":{"line":24,"column":0},"end":{"line":24,"column":41}},"24":{"start":{"line":25,"column":0},"end":{"line":25,"column":67}},"25":{"start":{"line":26,"column":0},"end":{"line":26,"column":56}},"26":{"start":{"line":27,"column":0},"end":{"line":27,"column":58}},"27":{"start":{"line":28,"column":0},"end":{"line":28,"column":0}},"28":{"start":{"line":29,"column":0},"end":{"line":29,"column":19}},"29":{"start":{"line":30,"column":0},"end":{"line":30,"column":21}},"30":{"start":{"line":31,"column":0},"end":{"line":31,"column":25}},"31":{"start":{"line":32,"column":0},"end":{"line":32,"column":23}},"32":{"start":{"line":33,"column":0},"end":{"line":33,"column":79}},"33":{"start":{"line":34,"column":0},"end":{"line":34,"column":46}},"34":{"start":{"line":35,"column":0},"end":{"line":35,"column":64}},"35":{"start":{"line":36,"column":0},"end":{"line":36,"column":9}},"36":{"start":{"line":37,"column":0},"end":{"line":37,"column":33}},"37":{"start":{"line":38,"column":0},"end":{"line":38,"column":8}},"38":{"start":{"line":39,"column":0},"end":{"line":39,"column":72}},"39":{"start":{"line":40,"column":0},"end":{"line":40,"column":40}},"40":{"start":{"line":41,"column":0},"end":{"line":41,"column":11}},"41":{"start":{"line":42,"column":0},"end":{"line":42,"column":0}},"42":{"start":{"line":43,"column":0},"end":{"line":43,"column":37}},"43":{"start":{"line":44,"column":0},"end":{"line":44,"column":1}}},"s":{"0":1,"1":1,"2":1,"3":1,"4":1,"5":4,"6":4,"7":4,"8":4,"9":4,"10":4,"11":4,"12":4,"13":3,"14":3,"15":3,"16":3,"17":3,"18":3,"19":4,"20":4,"21":4,"22":1,"23":12,"24":12,"25":12,"26":12,"27":12,"28":12,"29":4,"30":4,"31":4,"32":3,"33":3,"34":1,"35":1,"36":2,"37":4,"38":4,"39":4,"40":12,"41":12,"42":12,"43":12},"branchMap":{"0":{"type":"branch","line":6,"loc":{"start":{"line":6,"column":0},"end":{"line":22,"column":1}},"locations":[{"start":{"line":6,"column":0},"end":{"line":22,"column":1}}]},"1":{"type":"branch","line":13,"loc":{"start":{"line":13,"column":10},"end":{"line":19,"column":22}},"locations":[{"start":{"line":13,"column":10},"end":{"line":19,"column":22}}]},"2":{"type":"branch","line":24,"loc":{"start":{"line":24,"column":0},"end":{"line":44,"column":1}},"locations":[{"start":{"line":24,"column":0},"end":{"line":44,"column":1}}]},"3":{"type":"branch","line":29,"loc":{"start":{"line":29,"column":12},"end":{"line":41,"column":3}},"locations":[{"start":{"line":29,"column":12},"end":{"line":41,"column":3}}]},"4":{"type":"branch","line":32,"loc":{"start":{"line":32,"column":12},"end":{"line":38,"column":7}},"locations":[{"start":{"line":32,"column":12},"end":{"line":38,"column":7}}]},"5":{"type":"branch","line":33,"loc":{"start":{"line":33,"column":72},"end":{"line":33,"column":78}},"locations":[{"start":{"line":33,"column":72},"end":{"line":33,"column":78}}]},"6":{"type":"branch","line":34,"loc":{"start":{"line":34,"column":37},"end":{"line":34,"column":43}},"locations":[{"start":{"line":34,"column":37},"end":{"line":34,"column":43}}]},"7":{"type":"branch","line":34,"loc":{"start":{"line":34,"column":45},"end":{"line":36,"column":9}},"locations":[{"start":{"line":34,"column":45},"end":{"line":36,"column":9}}]},"8":{"type":"branch","line":37,"loc":{"start":{"line":37,"column":-1},"end":{"line":38,"column":7}},"locations":[{"start":{"line":37,"column":-1},"end":{"line":38,"column":7}}]},"9":{"type":"branch","line":33,"loc":{"start":{"line":33,"column":46},"end":{"line":33,"column":70}},"locations":[{"start":{"line":33,"column":46},"end":{"line":33,"column":70}}]},"10":{"type":"branch","line":39,"loc":{"start":{"line":39,"column":13},"end":{"line":39,"column":71}},"locations":[{"start":{"line":39,"column":13},"end":{"line":39,"column":71}}]},"11":{"type":"branch","line":40,"loc":{"start":{"line":40,"column":15},"end":{"line":40,"column":38}},"locations":[{"start":{"line":40,"column":15},"end":{"line":40,"column":38}}]}},"b":{"0":[4],"1":[3],"2":[12],"3":[4],"4":[3],"5":[0],"6":[1],"7":[1],"8":[2],"9":[3],"10":[2],"11":[4]},"fnMap":{"0":{"name":"fetchAndProcessData","decl":{"start":{"line":6,"column":0},"end":{"line":22,"column":1}},"loc":{"start":{"line":6,"column":0},"end":{"line":22,"column":1}},"line":6},"1":{"name":"useAllData","decl":{"start":{"line":24,"column":0},"end":{"line":44,"column":1}},"loc":{"start":{"line":24,"column":0},"end":{"line":44,"column":1}},"line":24}},"f":{"0":4,"1":12}}
,"C:\\Users\\gabri\\Desktop\\Workspace\\React\\teste-frontend-v4-aikodigital\\src\\hooks\\use-equipment-history\\use-equipment-history.hook.tsx": {"path":"C:\\Users\\gabri\\Desktop\\Workspace\\React\\teste-frontend-v4-aikodigital\\src\\hooks\\use-equipment-history\\use-equipment-history.hook.tsx","all":false,"statementMap":{"0":{"start":{"line":1,"column":0},"end":{"line":1,"column":44}},"1":{"start":{"line":2,"column":0},"end":{"line":2,"column":8}},"2":{"start":{"line":3,"column":0},"end":{"line":3,"column":12}},"3":{"start":{"line":4,"column":0},"end":{"line":4,"column":17}},"4":{"start":{"line":5,"column":0},"end":{"line":5,"column":24}},"5":{"start":{"line":6,"column":0},"end":{"line":6,"column":17}},"6":{"start":{"line":7,"column":0},"end":{"line":7,"column":27}},"7":{"start":{"line":8,"column":0},"end":{"line":8,"column":32}},"8":{"start":{"line":9,"column":0},"end":{"line":9,"column":52}},"9":{"start":{"line":10,"column":0},"end":{"line":10,"column":0}},"10":{"start":{"line":11,"column":0},"end":{"line":11,"column":33}},"11":{"start":{"line":12,"column":0},"end":{"line":12,"column":15}},"12":{"start":{"line":13,"column":0},"end":{"line":13,"column":16}},"13":{"start":{"line":14,"column":0},"end":{"line":14,"column":11}},"14":{"start":{"line":15,"column":0},"end":{"line":15,"column":15}},"15":{"start":{"line":16,"column":0},"end":{"line":16,"column":17}},"16":{"start":{"line":17,"column":0},"end":{"line":17,"column":18}},"17":{"start":{"line":18,"column":0},"end":{"line":18,"column":4}},"18":{"start":{"line":19,"column":0},"end":{"line":19,"column":1}},"19":{"start":{"line":20,"column":0},"end":{"line":20,"column":0}},"20":{"start":{"line":21,"column":0},"end":{"line":21,"column":32}},"21":{"start":{"line":22,"column":0},"end":{"line":22,"column":13}},"22":{"start":{"line":23,"column":0},"end":{"line":23,"column":15}},"23":{"start":{"line":24,"column":0},"end":{"line":24,"column":16}},"24":{"start":{"line":25,"column":0},"end":{"line":25,"column":35}},"25":{"start":{"line":26,"column":0},"end":{"line":26,"column":1}},"26":{"start":{"line":27,"column":0},"end":{"line":27,"column":0}},"27":{"start":{"line":28,"column":0},"end":{"line":28,"column":58}},"28":{"start":{"line":29,"column":0},"end":{"line":29,"column":78}},"29":{"start":{"line":30,"column":0},"end":{"line":30,"column":9}},"30":{"start":{"line":31,"column":0},"end":{"line":31,"column":4}},"31":{"start":{"line":32,"column":0},"end":{"line":32,"column":56}},"32":{"start":{"line":33,"column":0},"end":{"line":33,"column":58}},"33":{"start":{"line":34,"column":0},"end":{"line":34,"column":0}},"34":{"start":{"line":35,"column":0},"end":{"line":35,"column":19}},"35":{"start":{"line":36,"column":0},"end":{"line":36,"column":38}},"36":{"start":{"line":37,"column":0},"end":{"line":37,"column":11}},"37":{"start":{"line":38,"column":0},"end":{"line":38,"column":15}},"38":{"start":{"line":39,"column":0},"end":{"line":39,"column":21}},"39":{"start":{"line":40,"column":0},"end":{"line":40,"column":26}},"40":{"start":{"line":41,"column":0},"end":{"line":41,"column":26}},"41":{"start":{"line":42,"column":0},"end":{"line":42,"column":34}},"42":{"start":{"line":43,"column":0},"end":{"line":43,"column":31}},"43":{"start":{"line":44,"column":0},"end":{"line":44,"column":57}},"44":{"start":{"line":45,"column":0},"end":{"line":45,"column":68}},"45":{"start":{"line":46,"column":0},"end":{"line":46,"column":68}},"46":{"start":{"line":47,"column":0},"end":{"line":47,"column":45}},"47":{"start":{"line":48,"column":0},"end":{"line":48,"column":49}},"48":{"start":{"line":49,"column":0},"end":{"line":49,"column":12}},"49":{"start":{"line":50,"column":0},"end":{"line":50,"column":48}},"50":{"start":{"line":51,"column":0},"end":{"line":51,"column":52}},"51":{"start":{"line":52,"column":0},"end":{"line":52,"column":12}},"52":{"start":{"line":53,"column":0},"end":{"line":53,"column":11}},"53":{"start":{"line":54,"column":0},"end":{"line":54,"column":0}},"54":{"start":{"line":55,"column":0},"end":{"line":55,"column":73}},"55":{"start":{"line":56,"column":0},"end":{"line":56,"column":25}},"56":{"start":{"line":57,"column":0},"end":{"line":57,"column":74}},"57":{"start":{"line":58,"column":0},"end":{"line":58,"column":9}},"58":{"start":{"line":59,"column":0},"end":{"line":59,"column":0}},"59":{"start":{"line":60,"column":0},"end":{"line":60,"column":21}},"60":{"start":{"line":61,"column":0},"end":{"line":61,"column":31}},"61":{"start":{"line":62,"column":0},"end":{"line":62,"column":63}},"62":{"start":{"line":63,"column":0},"end":{"line":63,"column":31}},"63":{"start":{"line":64,"column":0},"end":{"line":64,"column":0}},"64":{"start":{"line":65,"column":0},"end":{"line":65,"column":28}},"65":{"start":{"line":66,"column":0},"end":{"line":66,"column":39}},"66":{"start":{"line":67,"column":0},"end":{"line":67,"column":62}},"67":{"start":{"line":68,"column":0},"end":{"line":68,"column":26}},"68":{"start":{"line":69,"column":0},"end":{"line":69,"column":0}},"69":{"start":{"line":70,"column":0},"end":{"line":70,"column":71}},"70":{"start":{"line":71,"column":0},"end":{"line":71,"column":22}},"71":{"start":{"line":72,"column":0},"end":{"line":72,"column":54}},"72":{"start":{"line":73,"column":0},"end":{"line":73,"column":61}},"73":{"start":{"line":74,"column":0},"end":{"line":74,"column":14}},"74":{"start":{"line":75,"column":0},"end":{"line":75,"column":20}},"75":{"start":{"line":76,"column":0},"end":{"line":76,"column":31}},"76":{"start":{"line":77,"column":0},"end":{"line":77,"column":28}},"77":{"start":{"line":78,"column":0},"end":{"line":78,"column":22}},"78":{"start":{"line":79,"column":0},"end":{"line":79,"column":43}},"79":{"start":{"line":80,"column":0},"end":{"line":80,"column":54}},"80":{"start":{"line":81,"column":0},"end":{"line":81,"column":53}},"81":{"start":{"line":82,"column":0},"end":{"line":82,"column":16}},"82":{"start":{"line":83,"column":0},"end":{"line":83,"column":14}},"83":{"start":{"line":84,"column":0},"end":{"line":84,"column":12}},"84":{"start":{"line":85,"column":0},"end":{"line":85,"column":10}},"85":{"start":{"line":86,"column":0},"end":{"line":86,"column":0}},"86":{"start":{"line":87,"column":0},"end":{"line":87,"column":24}},"87":{"start":{"line":88,"column":0},"end":{"line":88,"column":27}},"88":{"start":{"line":89,"column":0},"end":{"line":89,"column":31}},"89":{"start":{"line":90,"column":0},"end":{"line":90,"column":16}},"90":{"start":{"line":91,"column":0},"end":{"line":91,"column":37}},"91":{"start":{"line":92,"column":0},"end":{"line":92,"column":78}},"92":{"start":{"line":93,"column":0},"end":{"line":93,"column":12}},"93":{"start":{"line":94,"column":0},"end":{"line":94,"column":11}},"94":{"start":{"line":95,"column":0},"end":{"line":95,"column":21}},"95":{"start":{"line":96,"column":0},"end":{"line":96,"column":76}},"96":{"start":{"line":97,"column":0},"end":{"line":97,"column":27}},"97":{"start":{"line":98,"column":0},"end":{"line":98,"column":17}},"98":{"start":{"line":99,"column":0},"end":{"line":99,"column":26}},"99":{"start":{"line":100,"column":0},"end":{"line":100,"column":7}},"100":{"start":{"line":101,"column":0},"end":{"line":101,"column":6}},"101":{"start":{"line":102,"column":0},"end":{"line":102,"column":0}},"102":{"start":{"line":103,"column":0},"end":{"line":103,"column":36}},"103":{"start":{"line":104,"column":0},"end":{"line":104,"column":20}},"104":{"start":{"line":105,"column":0},"end":{"line":105,"column":0}},"105":{"start":{"line":106,"column":0},"end":{"line":106,"column":10}},"106":{"start":{"line":107,"column":0},"end":{"line":107,"column":22}},"107":{"start":{"line":108,"column":0},"end":{"line":108,"column":12}},"108":{"start":{"line":109,"column":0},"end":{"line":109,"column":10}},"109":{"start":{"line":110,"column":0},"end":{"line":110,"column":4}},"110":{"start":{"line":111,"column":0},"end":{"line":111,"column":1}}},"s":{"0":1,"1":1,"2":1,"3":1,"4":1,"5":1,"6":1,"7":1,"8":1,"9":1,"10":1,"11":1,"12":1,"13":1,"14":1,"15":1,"16":1,"17":1,"18":1,"19":1,"20":1,"21":1,"22":1,"23":1,"24":1,"25":1,"26":1,"27":9,"28":9,"29":9,"30":9,"31":9,"32":9,"33":9,"34":9,"35":3,"36":3,"37":3,"38":3,"39":3,"40":3,"41":3,"42":3,"43":3,"44":3,"45":3,"46":3,"47":3,"48":3,"49":3,"50":3,"51":3,"52":3,"53":2,"54":2,"55":3,"56":1,"57":1,"58":1,"59":1,"60":1,"61":1,"62":3,"63":3,"64":3,"65":3,"66":3,"67":3,"68":3,"69":3,"70":3,"71":2,"72":2,"73":2,"74":2,"75":2,"76":2,"77":2,"78":2,"79":2,"80":2,"81":2,"82":2,"83":3,"84":3,"85":3,"86":3,"87":3,"88":3,"89":3,"90":3,"91":3,"92":3,"93":3,"94":3,"95":2,"96":2,"97":3,"98":3,"99":3,"100":3,"101":3,"102":3,"103":9,"104":9,"105":9,"106":9,"107":9,"108":9,"109":9,"110":9},"branchMap":{"0":{"type":"branch","line":28,"loc":{"start":{"line":28,"column":0},"end":{"line":111,"column":1}},"locations":[{"start":{"line":28,"column":0},"end":{"line":111,"column":1}}]},"1":{"type":"branch","line":35,"loc":{"start":{"line":35,"column":12},"end":{"line":104,"column":3}},"locations":[{"start":{"line":35,"column":12},"end":{"line":104,"column":3}}]},"2":{"type":"branch","line":36,"loc":{"start":{"line":36,"column":25},"end":{"line":101,"column":6}},"locations":[{"start":{"line":36,"column":25},"end":{"line":101,"column":6}}]},"3":{"type":"branch","line":36,"loc":{"start":{"line":36,"column":36},"end":{"line":101,"column":5}},"locations":[{"start":{"line":36,"column":36},"end":{"line":101,"column":5}}]},"4":{"type":"branch","line":54,"loc":{"start":{"line":54,"column":-1},"end":{"line":56,"column":24}},"locations":[{"start":{"line":54,"column":-1},"end":{"line":56,"column":24}}]},"5":{"type":"branch","line":56,"loc":{"start":{"line":56,"column":24},"end":{"line":63,"column":13}},"locations":[{"start":{"line":56,"column":24},"end":{"line":63,"column":13}}]},"6":{"type":"branch","line":63,"loc":{"start":{"line":63,"column":11},"end":{"line":63,"column":13}},"locations":[{"start":{"line":63,"column":11},"end":{"line":63,"column":13}}]},"7":{"type":"branch","line":63,"loc":{"start":{"line":63,"column":11},"end":{"line":63,"column":17}},"locations":[{"start":{"line":63,"column":11},"end":{"line":63,"column":17}}]},"8":{"type":"branch","line":63,"loc":{"start":{"line":63,"column":17},"end":{"line":63,"column":30}},"locations":[{"start":{"line":63,"column":17},"end":{"line":63,"column":30}}]},"9":{"type":"branch","line":68,"loc":{"start":{"line":68,"column":11},"end":{"line":68,"column":13}},"locations":[{"start":{"line":68,"column":11},"end":{"line":68,"column":13}}]},"10":{"type":"branch","line":68,"loc":{"start":{"line":68,"column":11},"end":{"line":68,"column":13}},"locations":[{"start":{"line":68,"column":11},"end":{"line":68,"column":13}}]},"11":{"type":"branch","line":68,"loc":{"start":{"line":68,"column":11},"end":{"line":68,"column":19}},"locations":[{"start":{"line":68,"column":11},"end":{"line":68,"column":19}}]},"12":{"type":"branch","line":68,"loc":{"start":{"line":68,"column":19},"end":{"line":68,"column":25}},"locations":[{"start":{"line":68,"column":19},"end":{"line":68,"column":25}}]},"13":{"type":"branch","line":95,"loc":{"start":{"line":95,"column":8},"end":{"line":98,"column":7}},"locations":[{"start":{"line":95,"column":8},"end":{"line":98,"column":7}}]},"14":{"type":"branch","line":96,"loc":{"start":{"line":96,"column":52},"end":{"line":96,"column":74}},"locations":[{"start":{"line":96,"column":52},"end":{"line":96,"column":74}}]},"15":{"type":"branch","line":55,"loc":{"start":{"line":55,"column":42},"end":{"line":55,"column":71}},"locations":[{"start":{"line":55,"column":42},"end":{"line":55,"column":71}}]},"16":{"type":"branch","line":62,"loc":{"start":{"line":62,"column":12},"end":{"line":62,"column":62}},"locations":[{"start":{"line":62,"column":12},"end":{"line":62,"column":62}}]},"17":{"type":"branch","line":67,"loc":{"start":{"line":67,"column":12},"end":{"line":67,"column":61}},"locations":[{"start":{"line":67,"column":12},"end":{"line":67,"column":61}}]},"18":{"type":"branch","line":71,"loc":{"start":{"line":71,"column":10},"end":{"line":84,"column":11}},"locations":[{"start":{"line":71,"column":10},"end":{"line":84,"column":11}}]},"19":{"type":"branch","line":79,"loc":{"start":{"line":79,"column":32},"end":{"line":79,"column":34}},"locations":[{"start":{"line":79,"column":32},"end":{"line":79,"column":34}}]},"20":{"type":"branch","line":79,"loc":{"start":{"line":79,"column":36},"end":{"line":79,"column":42}},"locations":[{"start":{"line":79,"column":36},"end":{"line":79,"column":42}}]},"21":{"type":"branch","line":80,"loc":{"start":{"line":80,"column":34},"end":{"line":80,"column":36}},"locations":[{"start":{"line":80,"column":34},"end":{"line":80,"column":36}}]},"22":{"type":"branch","line":80,"loc":{"start":{"line":80,"column":40},"end":{"line":80,"column":53}},"locations":[{"start":{"line":80,"column":40},"end":{"line":80,"column":53}}]},"23":{"type":"branch","line":81,"loc":{"start":{"line":81,"column":35},"end":{"line":81,"column":37}},"locations":[{"start":{"line":81,"column":35},"end":{"line":81,"column":37}}]},"24":{"type":"branch","line":81,"loc":{"start":{"line":81,"column":42},"end":{"line":81,"column":52}},"locations":[{"start":{"line":81,"column":42},"end":{"line":81,"column":52}}]},"25":{"type":"branch","line":73,"loc":{"start":{"line":73,"column":14},"end":{"line":73,"column":60}},"locations":[{"start":{"line":73,"column":14},"end":{"line":73,"column":60}}]},"26":{"type":"branch","line":92,"loc":{"start":{"line":92,"column":12},"end":{"line":92,"column":77}},"locations":[{"start":{"line":92,"column":12},"end":{"line":92,"column":77}}]}},"b":{"0":[9],"1":[3],"2":[3],"3":[3],"4":[2],"5":[1],"6":[0],"7":[1],"8":[0],"9":[1],"10":[0],"11":[1],"12":[0],"13":[2],"14":[0],"15":[2],"16":[1],"17":[1],"18":[2],"19":[0],"20":[0],"21":[0],"22":[0],"23":[0],"24":[0],"25":[3],"26":[1]},"fnMap":{"0":{"name":"useEquipmentHistory","decl":{"start":{"line":28,"column":0},"end":{"line":111,"column":1}},"loc":{"start":{"line":28,"column":0},"end":{"line":111,"column":1}},"line":28},"1":{"name":"fetchAllData","decl":{"start":{"line":36,"column":25},"end":{"line":101,"column":6}},"loc":{"start":{"line":36,"column":25},"end":{"line":101,"column":6}},"line":36}},"f":{"0":9,"1":3}}
,"C:\\Users\\gabri\\Desktop\\Workspace\\React\\teste-frontend-v4-aikodigital\\src\\hooks\\use-filtered-data\\use-filtered-data.hook.tsx": {"path":"C:\\Users\\gabri\\Desktop\\Workspace\\React\\teste-frontend-v4-aikodigital\\src\\hooks\\use-filtered-data\\use-filtered-data.hook.tsx","all":false,"statementMap":{"0":{"start":{"line":1,"column":0},"end":{"line":1,"column":53}},"1":{"start":{"line":2,"column":0},"end":{"line":2,"column":68}},"2":{"start":{"line":3,"column":0},"end":{"line":3,"column":60}},"3":{"start":{"line":4,"column":0},"end":{"line":4,"column":0}},"4":{"start":{"line":5,"column":0},"end":{"line":5,"column":73}},"5":{"start":{"line":6,"column":0},"end":{"line":6,"column":74}},"6":{"start":{"line":7,"column":0},"end":{"line":7,"column":77}},"7":{"start":{"line":8,"column":0},"end":{"line":8,"column":0}},"8":{"start":{"line":9,"column":0},"end":{"line":9,"column":19}},"9":{"start":{"line":10,"column":0},"end":{"line":10,"column":28}},"10":{"start":{"line":11,"column":0},"end":{"line":11,"column":0}},"11":{"start":{"line":12,"column":0},"end":{"line":12,"column":24}},"12":{"start":{"line":13,"column":0},"end":{"line":13,"column":70}},"13":{"start":{"line":14,"column":0},"end":{"line":14,"column":5}},"14":{"start":{"line":15,"column":0},"end":{"line":15,"column":0}},"15":{"start":{"line":16,"column":0},"end":{"line":16,"column":24}},"16":{"start":{"line":17,"column":0},"end":{"line":17,"column":80}},"17":{"start":{"line":18,"column":0},"end":{"line":18,"column":5}},"18":{"start":{"line":19,"column":0},"end":{"line":19,"column":0}},"19":{"start":{"line":20,"column":0},"end":{"line":20,"column":26}},"20":{"start":{"line":21,"column":0},"end":{"line":21,"column":46}},"21":{"start":{"line":22,"column":0},"end":{"line":22,"column":0}},"22":{"start":{"line":23,"column":0},"end":{"line":23,"column":39}},"23":{"start":{"line":24,"column":0},"end":{"line":24,"column":17}},"24":{"start":{"line":25,"column":0},"end":{"line":25,"column":37}},"25":{"start":{"line":26,"column":0},"end":{"line":26,"column":63}},"26":{"start":{"line":27,"column":0},"end":{"line":27,"column":8}},"27":{"start":{"line":28,"column":0},"end":{"line":28,"column":5}},"28":{"start":{"line":29,"column":0},"end":{"line":29,"column":14}},"29":{"start":{"line":30,"column":0},"end":{"line":30,"column":24}},"30":{"start":{"line":31,"column":0},"end":{"line":31,"column":0}},"31":{"start":{"line":32,"column":0},"end":{"line":32,"column":28}},"32":{"start":{"line":33,"column":0},"end":{"line":33,"column":0}},"33":{"start":{"line":34,"column":0},"end":{"line":34,"column":41}},"34":{"start":{"line":35,"column":0},"end":{"line":35,"column":1}}},"s":{"0":1,"1":1,"2":1,"3":1,"4":8,"5":8,"6":8,"7":8,"8":8,"9":4,"10":4,"11":4,"12":1,"13":1,"14":4,"15":4,"16":0,"17":0,"18":4,"19":4,"20":8,"21":8,"22":8,"23":4,"24":2,"25":2,"26":2,"27":2,"28":2,"29":8,"30":8,"31":8,"32":8,"33":8,"34":8},"branchMap":{"0":{"type":"branch","line":5,"loc":{"start":{"line":5,"column":0},"end":{"line":35,"column":1}},"locations":[{"start":{"line":5,"column":0},"end":{"line":35,"column":1}}]},"1":{"type":"branch","line":9,"loc":{"start":{"line":9,"column":12},"end":{"line":21,"column":3}},"locations":[{"start":{"line":9,"column":12},"end":{"line":21,"column":3}}]},"2":{"type":"branch","line":12,"loc":{"start":{"line":12,"column":23},"end":{"line":14,"column":5}},"locations":[{"start":{"line":12,"column":23},"end":{"line":14,"column":5}}]},"3":{"type":"branch","line":16,"loc":{"start":{"line":16,"column":23},"end":{"line":18,"column":5}},"locations":[{"start":{"line":16,"column":23},"end":{"line":18,"column":5}}]},"4":{"type":"branch","line":13,"loc":{"start":{"line":13,"column":25},"end":{"line":13,"column":68}},"locations":[{"start":{"line":13,"column":25},"end":{"line":13,"column":68}}]},"5":{"type":"branch","line":23,"loc":{"start":{"line":23,"column":32},"end":{"line":30,"column":3}},"locations":[{"start":{"line":23,"column":32},"end":{"line":30,"column":3}}]},"6":{"type":"branch","line":24,"loc":{"start":{"line":24,"column":16},"end":{"line":30,"column":3}},"locations":[{"start":{"line":24,"column":16},"end":{"line":30,"column":3}}]},"7":{"type":"branch","line":25,"loc":{"start":{"line":25,"column":28},"end":{"line":26,"column":62}},"locations":[{"start":{"line":25,"column":28},"end":{"line":26,"column":62}}]}},"b":{"0":[8],"1":[4],"2":[1],"3":[0],"4":[4],"5":[4],"6":[2],"7":[8]},"fnMap":{"0":{"name":"useFilteredEquipmentData","decl":{"start":{"line":5,"column":0},"end":{"line":35,"column":1}},"loc":{"start":{"line":5,"column":0},"end":{"line":35,"column":1}},"line":5}},"f":{"0":8}}
,"C:\\Users\\gabri\\Desktop\\Workspace\\React\\teste-frontend-v4-aikodigital\\src\\stores\\equipment-map.store.ts": {"path":"C:\\Users\\gabri\\Desktop\\Workspace\\React\\teste-frontend-v4-aikodigital\\src\\stores\\equipment-map.store.ts","all":false,"statementMap":{"0":{"start":{"line":1,"column":0},"end":{"line":1,"column":60}},"1":{"start":{"line":2,"column":0},"end":{"line":2,"column":33}},"2":{"start":{"line":3,"column":0},"end":{"line":3,"column":0}},"3":{"start":{"line":4,"column":0},"end":{"line":4,"column":29}},"4":{"start":{"line":5,"column":0},"end":{"line":5,"column":36}},"5":{"start":{"line":6,"column":0},"end":{"line":6,"column":36}},"6":{"start":{"line":7,"column":0},"end":{"line":7,"column":56}},"7":{"start":{"line":8,"column":0},"end":{"line":8,"column":56}},"8":{"start":{"line":9,"column":0},"end":{"line":9,"column":0}},"9":{"start":{"line":10,"column":0},"end":{"line":10,"column":35}},"10":{"start":{"line":11,"column":0},"end":{"line":11,"column":54}},"11":{"start":{"line":12,"column":0},"end":{"line":12,"column":0}},"12":{"start":{"line":13,"column":0},"end":{"line":13,"column":17}},"13":{"start":{"line":14,"column":0},"end":{"line":14,"column":37}},"14":{"start":{"line":15,"column":0},"end":{"line":15,"column":1}},"15":{"start":{"line":16,"column":0},"end":{"line":16,"column":0}},"16":{"start":{"line":17,"column":0},"end":{"line":17,"column":73}},"17":{"start":{"line":18,"column":0},"end":{"line":18,"column":27}},"18":{"start":{"line":19,"column":0},"end":{"line":19,"column":27}},"19":{"start":{"line":20,"column":0},"end":{"line":20,"column":50}},"20":{"start":{"line":21,"column":0},"end":{"line":21,"column":34}},"21":{"start":{"line":22,"column":0},"end":{"line":22,"column":50}},"22":{"start":{"line":23,"column":0},"end":{"line":23,"column":34}},"23":{"start":{"line":24,"column":0},"end":{"line":24,"column":0}},"24":{"start":{"line":25,"column":0},"end":{"line":25,"column":17}},"25":{"start":{"line":26,"column":0},"end":{"line":26,"column":75}},"26":{"start":{"line":27,"column":0},"end":{"line":27,"column":0}},"27":{"start":{"line":28,"column":0},"end":{"line":28,"column":13}},"28":{"start":{"line":29,"column":0},"end":{"line":29,"column":47}},"29":{"start":{"line":30,"column":0},"end":{"line":30,"column":4}}},"s":{"0":1,"1":1,"2":1,"3":1,"4":1,"5":1,"6":1,"7":1,"8":1,"9":1,"10":1,"11":1,"12":1,"13":1,"14":1,"15":1,"16":1,"17":1,"18":1,"19":1,"20":1,"21":1,"22":1,"23":1,"24":1,"25":1,"26":1,"27":1,"28":1,"29":1},"branchMap":{"0":{"type":"branch","line":17,"loc":{"start":{"line":17,"column":62},"end":{"line":30,"column":2}},"locations":[{"start":{"line":17,"column":62},"end":{"line":30,"column":2}}]}},"b":{"0":[1]},"fnMap":{"0":{"name":"setSelectedState","decl":{"start":{"line":20,"column":20},"end":{"line":21,"column":33}},"loc":{"start":{"line":20,"column":20},"end":{"line":21,"column":33}},"line":20},"1":{"name":"setSelectedModel","decl":{"start":{"line":22,"column":20},"end":{"line":23,"column":33}},"loc":{"start":{"line":22,"column":20},"end":{"line":23,"column":33}},"line":22},"2":{"name":"setSearchData","decl":{"start":{"line":26,"column":17},"end":{"line":26,"column":74}},"loc":{"start":{"line":26,"column":17},"end":{"line":26,"column":74}},"line":26},"3":{"name":"setSearch","decl":{"start":{"line":29,"column":13},"end":{"line":29,"column":46}},"loc":{"start":{"line":29,"column":13},"end":{"line":29,"column":46}},"line":29}},"f":{"0":0,"1":0,"2":0,"3":0}}
,"C:\\Users\\gabri\\Desktop\\Workspace\\React\\teste-frontend-v4-aikodigital\\src\\utils\\calculate-maintenances.util.ts": {"path":"C:\\Users\\gabri\\Desktop\\Workspace\\React\\teste-frontend-v4-aikodigital\\src\\utils\\calculate-maintenances.util.ts","all":false,"statementMap":{"0":{"start":{"line":1,"column":0},"end":{"line":1,"column":58}},"1":{"start":{"line":2,"column":0},"end":{"line":2,"column":0}},"2":{"start":{"line":3,"column":0},"end":{"line":3,"column":34}},"3":{"start":{"line":4,"column":0},"end":{"line":4,"column":15}},"4":{"start":{"line":5,"column":0},"end":{"line":5,"column":15}},"5":{"start":{"line":6,"column":0},"end":{"line":6,"column":15}},"6":{"start":{"line":7,"column":0},"end":{"line":7,"column":15}},"7":{"start":{"line":8,"column":0},"end":{"line":8,"column":11}},"8":{"start":{"line":9,"column":0},"end":{"line":9,"column":65}},"9":{"start":{"line":10,"column":0},"end":{"line":10,"column":0}},"10":{"start":{"line":11,"column":0},"end":{"line":11,"column":36}},"11":{"start":{"line":12,"column":0},"end":{"line":12,"column":38}},"12":{"start":{"line":13,"column":0},"end":{"line":13,"column":38}},"13":{"start":{"line":14,"column":0},"end":{"line":14,"column":0}},"14":{"start":{"line":15,"column":0},"end":{"line":15,"column":11}},"15":{"start":{"line":16,"column":0},"end":{"line":16,"column":45}},"16":{"start":{"line":17,"column":0},"end":{"line":17,"column":31}},"17":{"start":{"line":18,"column":0},"end":{"line":18,"column":33}},"18":{"start":{"line":19,"column":0},"end":{"line":19,"column":26}},"19":{"start":{"line":20,"column":0},"end":{"line":20,"column":25}},"20":{"start":{"line":21,"column":0},"end":{"line":21,"column":0}},"21":{"start":{"line":22,"column":0},"end":{"line":22,"column":59}},"22":{"start":{"line":23,"column":0},"end":{"line":23,"column":33}},"23":{"start":{"line":24,"column":0},"end":{"line":24,"column":1}},"24":{"start":{"line":25,"column":0},"end":{"line":25,"column":0}},"25":{"start":{"line":26,"column":0},"end":{"line":26,"column":39}},"26":{"start":{"line":27,"column":0},"end":{"line":27,"column":50}},"27":{"start":{"line":28,"column":0},"end":{"line":28,"column":35}},"28":{"start":{"line":29,"column":0},"end":{"line":29,"column":3}},"29":{"start":{"line":30,"column":0},"end":{"line":30,"column":6}},"30":{"start":{"line":31,"column":0},"end":{"line":31,"column":34}},"31":{"start":{"line":32,"column":0},"end":{"line":32,"column":33}},"32":{"start":{"line":33,"column":0},"end":{"line":33,"column":35}},"33":{"start":{"line":34,"column":0},"end":{"line":34,"column":31}},"34":{"start":{"line":35,"column":0},"end":{"line":35,"column":5}},"35":{"start":{"line":36,"column":0},"end":{"line":36,"column":16}},"36":{"start":{"line":37,"column":0},"end":{"line":37,"column":3}},"37":{"start":{"line":38,"column":0},"end":{"line":38,"column":0}},"38":{"start":{"line":39,"column":0},"end":{"line":39,"column":45}},"39":{"start":{"line":40,"column":0},"end":{"line":40,"column":0}},"40":{"start":{"line":41,"column":0},"end":{"line":41,"column":52}},"41":{"start":{"line":42,"column":0},"end":{"line":42,"column":48}},"42":{"start":{"line":43,"column":0},"end":{"line":43,"column":28}},"43":{"start":{"line":44,"column":0},"end":{"line":44,"column":28}},"44":{"start":{"line":45,"column":0},"end":{"line":45,"column":27}},"45":{"start":{"line":46,"column":0},"end":{"line":46,"column":27}},"46":{"start":{"line":47,"column":0},"end":{"line":47,"column":6}},"47":{"start":{"line":48,"column":0},"end":{"line":48,"column":0}},"48":{"start":{"line":49,"column":0},"end":{"line":49,"column":48}},"49":{"start":{"line":50,"column":0},"end":{"line":50,"column":28}},"50":{"start":{"line":51,"column":0},"end":{"line":51,"column":28}},"51":{"start":{"line":52,"column":0},"end":{"line":52,"column":27}},"52":{"start":{"line":53,"column":0},"end":{"line":53,"column":27}},"53":{"start":{"line":54,"column":0},"end":{"line":54,"column":6}},"54":{"start":{"line":55,"column":0},"end":{"line":55,"column":0}},"55":{"start":{"line":56,"column":0},"end":{"line":56,"column":69}},"56":{"start":{"line":57,"column":0},"end":{"line":57,"column":22}},"57":{"start":{"line":58,"column":0},"end":{"line":58,"column":1}}},"s":{"0":1,"1":1,"2":18,"3":18,"4":18,"5":18,"6":18,"7":18,"8":18,"9":18,"10":18,"11":18,"12":18,"13":18,"14":18,"15":18,"16":18,"17":18,"18":18,"19":18,"20":18,"21":18,"22":18,"23":18,"24":1,"25":5,"26":5,"27":5,"28":5,"29":5,"30":5,"31":5,"32":5,"33":4,"34":5,"35":1,"36":1,"37":4,"38":5,"39":3,"40":3,"41":7,"42":7,"43":7,"44":7,"45":7,"46":7,"47":7,"48":7,"49":7,"50":7,"51":7,"52":7,"53":7,"54":7,"55":7,"56":3,"57":3},"branchMap":{"0":{"type":"branch","line":3,"loc":{"start":{"line":3,"column":0},"end":{"line":24,"column":1}},"locations":[{"start":{"line":3,"column":0},"end":{"line":24,"column":1}}]},"1":{"type":"branch","line":9,"loc":{"start":{"line":9,"column":20},"end":{"line":9,"column":64}},"locations":[{"start":{"line":9,"column":20},"end":{"line":9,"column":64}}]},"2":{"type":"branch","line":26,"loc":{"start":{"line":26,"column":0},"end":{"line":58,"column":1}},"locations":[{"start":{"line":26,"column":0},"end":{"line":58,"column":1}}]},"3":{"type":"branch","line":32,"loc":{"start":{"line":32,"column":30},"end":{"line":33,"column":32}},"locations":[{"start":{"line":32,"column":30},"end":{"line":33,"column":32}}]},"4":{"type":"branch","line":33,"loc":{"start":{"line":33,"column":32},"end":{"line":34,"column":31}},"locations":[{"start":{"line":33,"column":32},"end":{"line":34,"column":31}}]},"5":{"type":"branch","line":35,"loc":{"start":{"line":35,"column":4},"end":{"line":37,"column":3}},"locations":[{"start":{"line":35,"column":4},"end":{"line":37,"column":3}}]},"6":{"type":"branch","line":38,"loc":{"start":{"line":38,"column":-1},"end":{"line":39,"column":40}},"locations":[{"start":{"line":38,"column":-1},"end":{"line":39,"column":40}}]},"7":{"type":"branch","line":39,"loc":{"start":{"line":39,"column":33},"end":{"line":39,"column":45}},"locations":[{"start":{"line":39,"column":33},"end":{"line":39,"column":45}}]},"8":{"type":"branch","line":40,"loc":{"start":{"line":40,"column":-1},"end":{"line":58,"column":1}},"locations":[{"start":{"line":40,"column":-1},"end":{"line":58,"column":1}}]},"9":{"type":"branch","line":41,"loc":{"start":{"line":41,"column":29},"end":{"line":57,"column":3}},"locations":[{"start":{"line":41,"column":29},"end":{"line":57,"column":3}}]},"10":{"type":"branch","line":56,"loc":{"start":{"line":56,"column":49},"end":{"line":56,"column":58}},"locations":[{"start":{"line":56,"column":49},"end":{"line":56,"column":58}}]}},"b":{"0":[18],"1":[72],"2":[5],"3":[4],"4":[4],"5":[1],"6":[4],"7":[1],"8":[3],"9":[7],"10":[0]},"fnMap":{"0":{"name":"calculateDistance","decl":{"start":{"line":3,"column":0},"end":{"line":24,"column":1}},"loc":{"start":{"line":3,"column":0},"end":{"line":24,"column":1}},"line":3},"1":{"name":"toRadians","decl":{"start":{"line":9,"column":20},"end":{"line":9,"column":64}},"loc":{"start":{"line":9,"column":20},"end":{"line":9,"column":64}},"line":9},"2":{"name":"findNearestMaintenance","decl":{"start":{"line":26,"column":0},"end":{"line":58,"column":1}},"loc":{"start":{"line":26,"column":0},"end":{"line":58,"column":1}},"line":26}},"f":{"0":18,"1":72,"2":5}}
}
