TN:
SF:src\adapters\equipment.adapter.ts
FN:10,getLatestPosition
FN:18,getLatestState
FN:33,processEquipmentData
FNF:3
FNH:3
FNDA:5,getLatestPosition
FNDA:5,getLatestState
FNDA:5,processEquipmentData
DA:1,1
DA:2,1
DA:3,1
DA:4,1
DA:5,1
DA:6,1
DA:7,1
DA:8,1
DA:9,1
DA:10,5
DA:11,5
DA:12,5
DA:13,5
DA:14,5
DA:15,5
DA:16,5
DA:17,1
DA:18,5
DA:19,5
DA:20,5
DA:21,5
DA:22,5
DA:23,5
DA:24,5
DA:25,5
DA:26,5
DA:27,5
DA:28,5
DA:29,5
DA:30,5
DA:31,5
DA:32,1
DA:33,5
DA:34,5
DA:35,5
DA:36,5
DA:37,5
DA:38,5
DA:39,5
DA:40,5
DA:41,5
DA:42,5
DA:43,5
DA:44,5
DA:45,5
DA:46,5
DA:47,5
DA:48,5
DA:49,5
DA:50,5
DA:51,5
DA:52,5
DA:53,5
DA:54,5
DA:55,5
DA:56,5
DA:57,5
DA:58,5
DA:59,5
DA:60,5
DA:61,5
DA:62,5
DA:63,5
DA:64,5
DA:65,5
DA:66,5
DA:67,5
DA:68,5
DA:69,5
DA:70,5
DA:71,5
DA:72,5
DA:73,5
DA:74,5
DA:75,5
DA:76,5
DA:77,5
DA:78,5
DA:79,5
LF:79
LH:79
BRDA:10,0,0,5
BRDA:12,1,0,6
BRDA:13,2,0,1
BRDA:13,3,0,5
BRDA:18,4,0,5
BRDA:23,5,0,6
BRDA:24,6,0,1
BRDA:24,7,0,5
BRDA:29,8,0,8
BRDA:29,9,0,0
BRDA:33,10,0,5
BRDA:40,11,0,5
BRDA:50,12,0,3
BRDA:51,13,0,2
BRDA:58,14,0,3
BRDA:59,15,0,2
BRDA:64,16,0,1
BRDA:64,17,0,4
BRDA:66,18,0,3
BRDA:66,19,0,2
BRDA:66,20,0,3
BRDA:66,21,0,4
BRDA:67,22,0,3
BRDA:67,23,0,2
BRDA:67,24,0,3
BRDA:67,25,0,4
BRDA:70,26,0,3
BRDA:70,27,0,2
BRDA:70,28,0,3
BRDA:71,29,0,3
BRDA:71,30,0,2
BRDA:71,31,0,3
BRDA:72,32,0,3
BRDA:72,33,0,2
BRDA:72,34,0,3
BRDA:42,35,0,4
BRDA:46,36,0,3
BRDA:54,37,0,3
BRF:38
BRH:37
end_of_record
TN:
SF:src\components\appbar\appbar.component.tsx
FN:17,AppBarComponent
FN:41,onCheckedChange
FN:52,onCheckedChange
FN:60,onCheckedChange
FN:68,onCheckedChange
FN:80,onCheckedChange
FN:88,onCheckedChange
FN:96,onCheckedChange
FN:106,onClick
FNF:9
FNH:1
FNDA:2,AppBarComponent
FNDA:0,onCheckedChange
FNDA:0,onCheckedChange
FNDA:0,onCheckedChange
FNDA:0,onCheckedChange
FNDA:0,onCheckedChange
FNDA:0,onCheckedChange
FNDA:0,onCheckedChange
FNDA:0,onClick
DA:1,1
DA:2,1
DA:3,1
DA:4,1
DA:5,1
DA:6,1
DA:7,1
DA:8,1
DA:9,1
DA:10,1
DA:11,1
DA:12,1
DA:13,1
DA:14,1
DA:15,1
DA:16,1
DA:17,2
DA:18,2
DA:19,2
DA:20,2
DA:21,2
DA:22,2
DA:23,2
DA:24,2
DA:25,2
DA:26,2
DA:27,2
DA:28,2
DA:29,2
DA:30,2
DA:31,2
DA:32,2
DA:33,2
DA:34,2
DA:35,2
DA:36,2
DA:37,2
DA:38,2
DA:39,2
DA:40,2
DA:41,2
DA:42,0
DA:43,0
DA:44,2
DA:45,2
DA:46,2
DA:47,2
DA:48,2
DA:49,2
DA:50,2
DA:51,2
DA:52,2
DA:53,0
DA:54,2
DA:55,2
DA:56,2
DA:57,2
DA:58,2
DA:59,2
DA:60,2
DA:61,0
DA:62,2
DA:63,2
DA:64,2
DA:65,2
DA:66,2
DA:67,2
DA:68,2
DA:69,0
DA:70,2
DA:71,2
DA:72,2
DA:73,2
DA:74,2
DA:75,2
DA:76,2
DA:77,2
DA:78,2
DA:79,2
DA:80,2
DA:81,0
DA:82,2
DA:83,2
DA:84,2
DA:85,2
DA:86,2
DA:87,2
DA:88,2
DA:89,0
DA:90,2
DA:91,2
DA:92,2
DA:93,2
DA:94,2
DA:95,2
DA:96,2
DA:97,0
DA:98,2
DA:99,2
DA:100,2
DA:101,2
DA:102,2
DA:103,2
DA:104,2
DA:105,2
DA:106,2
DA:107,2
DA:108,2
DA:109,2
DA:110,2
DA:111,2
DA:112,2
DA:113,2
LF:113
LH:105
BRDA:17,0,0,2
BRF:1
BRH:1
end_of_record
TN:
SF:src\components\ui\menubar.tsx
FN:201,MenubarShortcut
FNF:1
FNH:0
FNDA:0,MenubarShortcut
DA:1,1
DA:2,1
DA:3,1
DA:4,1
DA:5,1
DA:6,1
DA:7,1
DA:8,1
DA:9,1
DA:10,1
DA:11,1
DA:12,1
DA:13,1
DA:14,1
DA:15,1
DA:16,1
DA:17,1
DA:18,1
DA:19,1
DA:20,1
DA:21,2
DA:22,2
DA:23,2
DA:24,2
DA:25,2
DA:26,2
DA:27,2
DA:28,2
DA:29,1
DA:30,1
DA:31,1
DA:32,1
DA:33,1
DA:34,1
DA:35,1
DA:36,6
DA:37,6
DA:38,6
DA:39,6
DA:40,6
DA:41,6
DA:42,6
DA:43,6
DA:44,1
DA:45,1
DA:46,1
DA:47,1
DA:48,1
DA:49,1
DA:50,1
DA:51,1
DA:52,1
DA:53,0
DA:54,0
DA:55,0
DA:56,0
DA:57,0
DA:58,0
DA:59,0
DA:60,0
DA:61,0
DA:62,0
DA:63,0
DA:64,0
DA:65,1
DA:66,1
DA:67,1
DA:68,1
DA:69,1
DA:70,1
DA:71,1
DA:72,0
DA:73,0
DA:74,0
DA:75,0
DA:76,0
DA:77,0
DA:78,0
DA:79,0
DA:80,1
DA:81,1
DA:82,1
DA:83,1
DA:84,1
DA:85,1
DA:86,1
DA:87,1
DA:88,4
DA:89,4
DA:90,4
DA:91,4
DA:92,4
DA:93,4
DA:94,4
DA:95,4
DA:96,4
DA:97,4
DA:98,4
DA:99,4
DA:100,4
DA:101,4
DA:102,4
DA:103,4
DA:104,4
DA:105,1
DA:106,1
DA:107,1
DA:108,1
DA:109,1
DA:110,1
DA:111,1
DA:112,1
DA:113,1
DA:114,0
DA:115,0
DA:116,0
DA:117,0
DA:118,0
DA:119,0
DA:120,0
DA:121,0
DA:122,0
DA:123,1
DA:124,1
DA:125,1
DA:126,1
DA:127,1
DA:128,1
DA:129,1
DA:130,7
DA:131,7
DA:132,7
DA:133,7
DA:134,7
DA:135,7
DA:136,7
DA:137,7
DA:138,7
DA:139,7
DA:140,7
DA:141,7
DA:142,7
DA:143,7
DA:144,7
DA:145,7
DA:146,1
DA:147,1
DA:148,1
DA:149,1
DA:150,1
DA:151,1
DA:152,1
DA:153,0
DA:154,0
DA:155,0
DA:156,0
DA:157,0
DA:158,0
DA:159,0
DA:160,0
DA:161,0
DA:162,0
DA:163,0
DA:164,0
DA:165,0
DA:166,0
DA:167,0
DA:168,1
DA:169,1
DA:170,1
DA:171,1
DA:172,1
DA:173,1
DA:174,1
DA:175,1
DA:176,1
DA:177,2
DA:178,2
DA:179,2
DA:180,2
DA:181,2
DA:182,2
DA:183,2
DA:184,2
DA:185,2
DA:186,1
DA:187,1
DA:188,1
DA:189,1
DA:190,1
DA:191,1
DA:192,1
DA:193,1
DA:194,1
DA:195,1
DA:196,1
DA:197,1
DA:198,1
DA:199,1
DA:200,1
DA:201,1
DA:202,0
DA:203,0
DA:204,0
DA:205,0
DA:206,0
DA:207,0
DA:208,0
DA:209,0
DA:210,0
DA:211,0
DA:212,0
DA:213,0
DA:214,0
DA:215,1
DA:216,1
DA:217,1
DA:218,1
DA:219,1
DA:220,1
DA:221,1
DA:222,1
DA:223,1
DA:224,1
DA:225,1
DA:226,1
DA:227,1
DA:228,1
DA:229,1
DA:230,1
DA:231,1
DA:232,1
DA:233,1
DA:234,1
LF:234
LH:177
BRDA:20,0,0,2
BRDA:35,1,0,6
BRDA:87,2,0,4
BRDA:129,3,0,7
BRDA:176,4,0,2
BRDA:181,5,0,0
BRDA:192,6,0,1
BRF:7
BRH:6
end_of_record
TN:
SF:src\hooks\use-all-data\use-all-data.hook.tsx
FN:6,fetchAndProcessData
FN:24,useAllData
FNF:2
FNH:2
FNDA:4,fetchAndProcessData
FNDA:12,useAllData
DA:1,1
DA:2,1
DA:3,1
DA:4,1
DA:5,1
DA:6,4
DA:7,4
DA:8,4
DA:9,4
DA:10,4
DA:11,4
DA:12,4
DA:13,4
DA:14,3
DA:15,3
DA:16,3
DA:17,3
DA:18,3
DA:19,3
DA:20,4
DA:21,4
DA:22,4
DA:23,1
DA:24,12
DA:25,12
DA:26,12
DA:27,12
DA:28,12
DA:29,12
DA:30,4
DA:31,4
DA:32,4
DA:33,3
DA:34,3
DA:35,1
DA:36,1
DA:37,2
DA:38,4
DA:39,4
DA:40,4
DA:41,12
DA:42,12
DA:43,12
DA:44,12
LF:44
LH:44
BRDA:6,0,0,4
BRDA:13,1,0,3
BRDA:24,2,0,12
BRDA:29,3,0,4
BRDA:32,4,0,3
BRDA:33,5,0,0
BRDA:34,6,0,1
BRDA:34,7,0,1
BRDA:37,8,0,2
BRDA:33,9,0,3
BRDA:39,10,0,2
BRDA:40,11,0,4
BRF:12
BRH:11
end_of_record
TN:
SF:src\hooks\use-equipment-history\use-equipment-history.hook.tsx
FN:28,useEquipmentHistory
FN:36,fetchAllData
FNF:2
FNH:2
FNDA:9,useEquipmentHistory
FNDA:3,fetchAllData
DA:1,1
DA:2,1
DA:3,1
DA:4,1
DA:5,1
DA:6,1
DA:7,1
DA:8,1
DA:9,1
DA:10,1
DA:11,1
DA:12,1
DA:13,1
DA:14,1
DA:15,1
DA:16,1
DA:17,1
DA:18,1
DA:19,1
DA:20,1
DA:21,1
DA:22,1
DA:23,1
DA:24,1
DA:25,1
DA:26,1
DA:27,1
DA:28,9
DA:29,9
DA:30,9
DA:31,9
DA:32,9
DA:33,9
DA:34,9
DA:35,9
DA:36,3
DA:37,3
DA:38,3
DA:39,3
DA:40,3
DA:41,3
DA:42,3
DA:43,3
DA:44,3
DA:45,3
DA:46,3
DA:47,3
DA:48,3
DA:49,3
DA:50,3
DA:51,3
DA:52,3
DA:53,3
DA:54,2
DA:55,2
DA:56,3
DA:57,1
DA:58,1
DA:59,1
DA:60,1
DA:61,1
DA:62,1
DA:63,3
DA:64,3
DA:65,3
DA:66,3
DA:67,3
DA:68,3
DA:69,3
DA:70,3
DA:71,3
DA:72,2
DA:73,2
DA:74,2
DA:75,2
DA:76,2
DA:77,2
DA:78,2
DA:79,2
DA:80,2
DA:81,2
DA:82,2
DA:83,2
DA:84,3
DA:85,3
DA:86,3
DA:87,3
DA:88,3
DA:89,3
DA:90,3
DA:91,3
DA:92,3
DA:93,3
DA:94,3
DA:95,3
DA:96,2
DA:97,2
DA:98,3
DA:99,3
DA:100,3
DA:101,3
DA:102,3
DA:103,3
DA:104,9
DA:105,9
DA:106,9
DA:107,9
DA:108,9
DA:109,9
DA:110,9
DA:111,9
LF:111
LH:111
BRDA:28,0,0,9
BRDA:35,1,0,3
BRDA:36,2,0,3
BRDA:36,3,0,3
BRDA:54,4,0,2
BRDA:56,5,0,1
BRDA:63,6,0,0
BRDA:63,7,0,1
BRDA:63,8,0,0
BRDA:68,9,0,1
BRDA:68,10,0,0
BRDA:68,11,0,1
BRDA:68,12,0,0
BRDA:95,13,0,2
BRDA:96,14,0,0
BRDA:55,15,0,2
BRDA:62,16,0,1
BRDA:67,17,0,1
BRDA:71,18,0,2
BRDA:79,19,0,0
BRDA:79,20,0,0
BRDA:80,21,0,0
BRDA:80,22,0,0
BRDA:81,23,0,0
BRDA:81,24,0,0
BRDA:73,25,0,3
BRDA:92,26,0,1
BRF:27
BRH:16
end_of_record
TN:
SF:src\hooks\use-filtered-data\use-filtered-data.hook.tsx
FN:5,useFilteredEquipmentData
FNF:1
FNH:1
FNDA:8,useFilteredEquipmentData
DA:1,1
DA:2,1
DA:3,1
DA:4,1
DA:5,8
DA:6,8
DA:7,8
DA:8,8
DA:9,8
DA:10,4
DA:11,4
DA:12,4
DA:13,1
DA:14,1
DA:15,4
DA:16,4
DA:17,0
DA:18,0
DA:19,4
DA:20,4
DA:21,8
DA:22,8
DA:23,8
DA:24,4
DA:25,2
DA:26,2
DA:27,2
DA:28,2
DA:29,2
DA:30,8
DA:31,8
DA:32,8
DA:33,8
LF:33
LH:31
BRDA:5,0,0,8
BRDA:9,1,0,4
BRDA:12,2,0,1
BRDA:16,3,0,0
BRDA:13,4,0,4
BRDA:23,5,0,4
BRDA:24,6,0,2
BRDA:25,7,0,8
BRF:8
BRH:7
end_of_record
TN:
SF:src\lib\utils.ts
FN:4,cn
FNF:1
FNH:1
FNDA:22,cn
DA:1,1
DA:2,1
DA:3,1
DA:4,22
DA:5,22
DA:6,22
LF:6
LH:6
BRDA:4,0,0,22
BRF:1
BRH:1
end_of_record
TN:
SF:src\stores\equipment-map.store.ts
FN:20,setSelectedState
FN:22,setSelectedModel
FN:26,setSearchData
FN:29,setSearch
FNF:4
FNH:0
FNDA:0,setSelectedState
FNDA:0,setSelectedModel
FNDA:0,setSearchData
FNDA:0,setSearch
DA:1,1
DA:2,1
DA:3,1
DA:4,1
DA:5,1
DA:6,1
DA:7,1
DA:8,1
DA:9,1
DA:10,1
DA:11,1
DA:12,1
DA:13,1
DA:14,1
DA:15,1
DA:16,1
DA:17,1
DA:18,1
DA:19,1
DA:20,1
DA:21,1
DA:22,1
DA:23,1
DA:24,1
DA:25,1
DA:26,1
DA:27,1
DA:28,1
DA:29,1
DA:30,1
LF:30
LH:30
BRDA:17,0,0,1
BRF:1
BRH:1
end_of_record
TN:
SF:src\stores\equipment.store.ts
FN:16,openSheet
FN:21,closeSheet
FN:28,setSearching
FNF:3
FNH:0
FNDA:0,openSheet
FNDA:0,closeSheet
FNDA:0,setSearching
DA:1,1
DA:2,1
DA:3,1
DA:4,1
DA:5,1
DA:6,1
DA:7,1
DA:8,1
DA:9,1
DA:10,1
DA:11,1
DA:12,1
DA:13,1
DA:14,1
DA:15,1
DA:16,1
DA:17,0
DA:18,0
DA:19,0
DA:20,1
DA:21,1
DA:22,0
DA:23,0
DA:24,0
DA:25,1
DA:26,1
DA:27,1
DA:28,1
DA:29,1
LF:29
LH:23
BRDA:13,0,0,1
BRF:1
BRH:1
end_of_record
TN:
SF:src\utils\calculate-maintenances.util.ts
FN:3,calculateDistance
FN:9,toRadians
FN:26,findNearestMaintenance
FNF:3
FNH:3
FNDA:18,calculateDistance
FNDA:72,toRadians
FNDA:5,findNearestMaintenance
DA:1,1
DA:2,1
DA:3,18
DA:4,18
DA:5,18
DA:6,18
DA:7,18
DA:8,18
DA:9,18
DA:10,18
DA:11,18
DA:12,18
DA:13,18
DA:14,18
DA:15,18
DA:16,18
DA:17,18
DA:18,18
DA:19,18
DA:20,18
DA:21,18
DA:22,18
DA:23,18
DA:24,18
DA:25,1
DA:26,5
DA:27,5
DA:28,5
DA:29,5
DA:30,5
DA:31,5
DA:32,5
DA:33,5
DA:34,4
DA:35,5
DA:36,1
DA:37,1
DA:38,4
DA:39,5
DA:40,3
DA:41,3
DA:42,7
DA:43,7
DA:44,7
DA:45,7
DA:46,7
DA:47,7
DA:48,7
DA:49,7
DA:50,7
DA:51,7
DA:52,7
DA:53,7
DA:54,7
DA:55,7
DA:56,7
DA:57,3
DA:58,3
LF:58
LH:58
BRDA:3,0,0,18
BRDA:9,1,0,72
BRDA:26,2,0,5
BRDA:32,3,0,4
BRDA:33,4,0,4
BRDA:35,5,0,1
BRDA:38,6,0,4
BRDA:39,7,0,1
BRDA:40,8,0,3
BRDA:41,9,0,7
BRDA:56,10,0,0
BRF:11
BRH:10
end_of_record
